Build started 25/02/2015 20:27:53.
     1>Project "E:\Dropbox\Year 3\Gaming Simulations\Coursework\From UNi\GameSim\gamesim\GameSim.vcxproj" on node 2 (Build target(s)).
     1>ClCompile:
         C:\Program Files (x86)\Microsoft Visual Studio 12.0\VC\bin\CL.exe /c /ZI /nologo /W3 /WX- /sdl /Od /Oy- /D _MBCS /Gm /EHsc /RTC1 /MDd /GS /fp:precise /Zc:wchar_t /Zc:forScope /Fo"Debug\\" /Fd"Debug\vc120.pdb" /Gd /TP /analyze- /errorReport:prompt PhysicsEngine.cpp
         PhysicsEngine.cpp
       Link:
         C:\Program Files (x86)\Microsoft Visual Studio 12.0\VC\bin\link.exe /ERRORREPORT:PROMPT /OUT:"E:\Dropbox\Year 3\Gaming Simulations\Coursework\From UNi\GameSim\Debug\GameSim.exe" /INCREMENTAL /NOLOGO glew32.lib glew32s.lib SOIL.lib opengl32.lib "sfml-graphics-d.lib" "sfml-window-d.lib" "sfml-system-d.lib" kernel32.lib user32.lib gdi32.lib winspool.lib comdlg32.lib advapi32.lib shell32.lib ole32.lib oleaut32.lib uuid.lib odbc32.lib odbccp32.lib /MANIFEST /MANIFESTUAC:"level='asInvoker' uiAccess='false'" /manifest:embed /DEBUG /PDB:"E:\Dropbox\Year 3\Gaming Simulations\Coursework\From UNi\GameSim\Debug\GameSim.pdb" /TLBID:1 /DYNAMICBASE /NXCOMPAT /IMPLIB:"E:\Dropbox\Year 3\Gaming Simulations\Coursework\From UNi\GameSim\Debug\GameSim.lib" /MACHINE:X86 Debug\main.obj
         Debug\Matrix3.obj
         Debug\Matrix4.obj
         Debug\Mesh.obj
         Debug\PhysicsEngine.obj
         Debug\Plane.obj
         Debug\Quaternion.obj
         Debug\RenderObject.obj
         Debug\SFMLRenderer.obj
         Debug\Shader.obj
         Debug\Sphere.obj
         GameSim.vcxproj -> E:\Dropbox\Year 3\Gaming Simulations\Coursework\From UNi\GameSim\Debug\GameSim.exe
     1>Done Building Project "E:\Dropbox\Year 3\Gaming Simulations\Coursework\From UNi\GameSim\gamesim\GameSim.vcxproj" (Build target(s)).

Build succeeded.

Time Elapsed 00:00:00.93
