h:\computer science\year 3\game sim\gamesim\gamesim\debug\vc120.pdb
h:\computer science\year 3\game sim\gamesim\gamesim\debug\vc120.idb
h:\computer science\year 3\game sim\gamesim\gamesim\debug\main.obj
h:\computer science\year 3\game sim\gamesim\gamesim\debug\matrix3.obj
h:\computer science\year 3\game sim\gamesim\gamesim\debug\matrix4.obj
h:\computer science\year 3\game sim\gamesim\gamesim\debug\mesh.obj
h:\computer science\year 3\game sim\gamesim\gamesim\debug\physicsengine.obj
h:\computer science\year 3\game sim\gamesim\gamesim\debug\plane.obj
h:\computer science\year 3\game sim\gamesim\gamesim\debug\quaternion.obj
h:\computer science\year 3\game sim\gamesim\gamesim\debug\renderobject.obj
h:\computer science\year 3\game sim\gamesim\gamesim\debug\sfmlrenderer.obj
h:\computer science\year 3\game sim\gamesim\gamesim\debug\shader.obj
h:\computer science\year 3\game sim\gamesim\gamesim\debug\sphere.obj
h:\computer science\year 3\game sim\gamesim\debug\gamesim.exe
h:\computer science\year 3\game sim\gamesim\gamesim\debug\gamesim.tlog\cl.command.1.tlog
h:\computer science\year 3\game sim\gamesim\gamesim\debug\gamesim.tlog\cl.read.1.tlog
h:\computer science\year 3\game sim\gamesim\gamesim\debug\gamesim.tlog\cl.write.1.tlog
h:\computer science\year 3\game sim\gamesim\gamesim\debug\gamesim.tlog\link.command.1.tlog
h:\computer science\year 3\game sim\gamesim\gamesim\debug\gamesim.tlog\link.read.1.tlog
h:\computer science\year 3\game sim\gamesim\gamesim\debug\gamesim.tlog\link.write.1.tlog
