c:\users\sean\dropbox\year 3\gaming simulations\coursework\gamesim\gamesim\release\sphere.obj
c:\users\sean\dropbox\year 3\gaming simulations\coursework\gamesim\gamesim\release\shader.obj
c:\users\sean\dropbox\year 3\gaming simulations\coursework\gamesim\gamesim\release\sfmlrenderer.obj
c:\users\sean\dropbox\year 3\gaming simulations\coursework\gamesim\gamesim\release\renderobject.obj
c:\users\sean\dropbox\year 3\gaming simulations\coursework\gamesim\gamesim\release\quaternion.obj
c:\users\sean\dropbox\year 3\gaming simulations\coursework\gamesim\gamesim\release\physicsengine.obj
c:\users\sean\dropbox\year 3\gaming simulations\coursework\gamesim\gamesim\release\mesh.obj
c:\users\sean\dropbox\year 3\gaming simulations\coursework\gamesim\gamesim\release\matrix4.obj
c:\users\sean\dropbox\year 3\gaming simulations\coursework\gamesim\gamesim\release\matrix3.obj
c:\users\sean\dropbox\year 3\gaming simulations\coursework\gamesim\gamesim\release\main.obj
c:\users\sean\dropbox\year 3\gaming simulations\coursework\gamesim\gamesim\release\vc110.pdb
e:\dropbox\year 3\gaming simulations\coursework\gamesim\gamesim\release\vc120.pdb
e:\dropbox\year 3\gaming simulations\coursework\gamesim\gamesim\release\sphere.obj
e:\dropbox\year 3\gaming simulations\coursework\gamesim\gamesim\release\shader.obj
e:\dropbox\year 3\gaming simulations\coursework\gamesim\gamesim\release\sfmlrenderer.obj
e:\dropbox\year 3\gaming simulations\coursework\gamesim\gamesim\release\renderobject.obj
e:\dropbox\year 3\gaming simulations\coursework\gamesim\gamesim\release\quaternion.obj
e:\dropbox\year 3\gaming simulations\coursework\gamesim\gamesim\release\plane.obj
e:\dropbox\year 3\gaming simulations\coursework\gamesim\gamesim\release\physicsengine.obj
e:\dropbox\year 3\gaming simulations\coursework\gamesim\gamesim\release\mesh.obj
e:\dropbox\year 3\gaming simulations\coursework\gamesim\gamesim\release\matrix4.obj
e:\dropbox\year 3\gaming simulations\coursework\gamesim\gamesim\release\matrix3.obj
e:\dropbox\year 3\gaming simulations\coursework\gamesim\gamesim\release\main.obj
e:\dropbox\year 3\gaming simulations\coursework\gamesim\gamesim\release\cl.command.1.tlog
e:\dropbox\year 3\gaming simulations\coursework\gamesim\gamesim\release\cl.read.1.tlog
e:\dropbox\year 3\gaming simulations\coursework\gamesim\gamesim\release\cl.write.1.tlog
e:\dropbox\year 3\gaming simulations\coursework\gamesim\gamesim\release\link.command.1.tlog
e:\dropbox\year 3\gaming simulations\coursework\gamesim\gamesim\release\link.read.1.tlog
e:\dropbox\year 3\gaming simulations\coursework\gamesim\gamesim\release\link.write.1.tlog
e:\dropbox\year 3\gaming simulations\coursework\gamesim\gamesim\release\vc110.pdb
e:\dropbox\year 3\gaming simulations\coursework\gamesim\release\gamesim.pdb
e:\dropbox\year 3\gaming simulations\coursework\gamesim\gamesim\release\gamesim.tlog\cl.command.1.tlog
e:\dropbox\year 3\gaming simulations\coursework\gamesim\gamesim\release\gamesim.tlog\cl.read.1.tlog
e:\dropbox\year 3\gaming simulations\coursework\gamesim\gamesim\release\gamesim.tlog\cl.write.1.tlog
e:\dropbox\year 3\gaming simulations\coursework\gamesim\gamesim\release\gamesim.tlog\link.command.1.tlog
e:\dropbox\year 3\gaming simulations\coursework\gamesim\gamesim\release\gamesim.tlog\link.read.1.tlog
e:\dropbox\year 3\gaming simulations\coursework\gamesim\gamesim\release\gamesim.tlog\link.write.1.tlog
