Build started 04/03/2015 18:23:45.
     1>Project "E:\Dropbox\Year 3\Gaming Simulations\Coursework\GameSim\gamesim\GameSim.vcxproj" on node 2 (Build target(s)).
     1>ClCompile:
         C:\Program Files (x86)\Microsoft Visual Studio 12.0\VC\bin\CL.exe /c /Zi /nologo /W3 /WX- /sdl /O2 /Oi /Oy- /GL /D _MBCS /Gm- /EHsc /MD /GS /Gy /fp:precise /Zc:wchar_t /Zc:forScope /Fo"Release\\" /Fd"Release\vc120.pdb" /Gd /TP /analyze- /errorReport:prompt main.cpp Matrix3.cpp Matrix4.cpp Mesh.cpp PhysicsEngine.cpp Plane.cpp Quaternion.cpp RenderObject.cpp SFMLRenderer.cpp Shader.cpp Sphere.cpp
         main.cpp
         Matrix3.cpp
         Matrix4.cpp
         Mesh.cpp
         PhysicsEngine.cpp
         Plane.cpp
         Quaternion.cpp
         RenderObject.cpp
         SFMLRenderer.cpp
         Shader.cpp
         Sphere.cpp
       Link:
         C:\Program Files (x86)\Microsoft Visual Studio 12.0\VC\bin\link.exe /ERRORREPORT:PROMPT /OUT:"E:\Dropbox\Year 3\Gaming Simulations\Coursework\GameSim\Release\GameSim.exe" /NOLOGO glew32.lib glew32s.lib SOIL.lib opengl32.lib "sfml-graphics.lib" "sfml-window.lib" "sfml-system.lib" kernel32.lib user32.lib gdi32.lib winspool.lib comdlg32.lib advapi32.lib shell32.lib ole32.lib oleaut32.lib uuid.lib odbc32.lib odbccp32.lib /MANIFEST /MANIFESTUAC:"level='asInvoker' uiAccess='false'" /manifest:embed /DEBUG /PDB:"E:\Dropbox\Year 3\Gaming Simulations\Coursework\GameSim\Release\GameSim.pdb" /OPT:REF /OPT:ICF /LTCG /TLBID:1 /DYNAMICBASE /NXCOMPAT /IMPLIB:"E:\Dropbox\Year 3\Gaming Simulations\Coursework\GameSim\Release\GameSim.lib" /MACHINE:X86 /SAFESEH Release\main.obj
         Release\Matrix3.obj
         Release\Matrix4.obj
         Release\Mesh.obj
         Release\PhysicsEngine.obj
         Release\Plane.obj
         Release\Quaternion.obj
         Release\RenderObject.obj
         Release\SFMLRenderer.obj
         Release\Shader.obj
         Release\Sphere.obj
     1>LINK : fatal error C1047: The object or library file 'E:\Dropbox\Year 3\Gaming Simulations\Coursework\GameSim\Dependencies\soil\Release\SOIL.lib' was created with an older compiler than other objects; rebuild old objects and libraries
     1>LINK : fatal error LNK1257: code generation failed
     1>Done Building Project "E:\Dropbox\Year 3\Gaming Simulations\Coursework\GameSim\gamesim\GameSim.vcxproj" (Build target(s)) -- FAILED.

Build FAILED.

Time Elapsed 00:00:05.56
